[NX Daemon Server] - 2024-12-01T09:37:23.018Z - Started listening on: /var/folders/59/q2gh3_ds7v150chpdtk7yf240000gn/T/a2a04bb361f6fe40f9f8/d.sock
[NX Daemon Server] - 2024-12-01T09:37:23.022Z - [WATCHER]: Subscribed to changes within: /Users/bytedance/noe/knoxnoe/template (native)
[NX Daemon Server] - 2024-12-01T09:37:23.027Z - Established a connection. Number of open connections: 1
[NX Daemon Server] - 2024-12-01T09:37:23.028Z - Established a connection. Number of open connections: 2
[NX Daemon Server] - 2024-12-01T09:37:23.029Z - Closed a connection. Number of open connections: 1
[NX Daemon Server] - 2024-12-01T09:37:23.029Z - [REQUEST]: Client Request for Project Graph Received
[NX Daemon Server] - 2024-12-01T09:37:23.081Z - [WATCHER]: Processing file changes in outputs
[NX Daemon Server] - 2024-12-01T09:37:23.525Z - [REQUEST]: Updated workspace context based on watched changes, recomputing project graph...
[NX Daemon Server] - 2024-12-01T09:37:23.525Z - [REQUEST]: 
[NX Daemon Server] - 2024-12-01T09:37:23.525Z - [REQUEST]: 
[NX Daemon Server] - 2024-12-01T09:37:23.530Z - Time taken for 'loadNxPlugins' 494.95941600000003ms
[NX Daemon Server] - 2024-12-01T09:37:23.582Z - Time taken for 'build-project-configs' 44.30200000000002ms
[NX Daemon Server] - 2024-12-01T09:37:23.584Z - Time taken for '@nx/js/typescript:createDependencies' 2.2719589999999243ms
[NX Daemon Server] - 2024-12-01T09:37:23.592Z - [SYNC]: collect registered sync generators
[NX Daemon Server] - 2024-12-01T09:37:23.593Z - [REQUEST]: Responding to the client. project-graph
[NX Daemon Server] - 2024-12-01T09:37:23.593Z - Time taken for 'total for creating and serializing project graph' 563.351667ms
[NX Daemon Server] - 2024-12-01T09:37:23.596Z - Done responding to the client project-graph
[NX Daemon Server] - 2024-12-01T09:37:23.596Z - Handled REQUEST_PROJECT_GRAPH. Handling time: 564. Response time: 3.
[NX Daemon Server] - 2024-12-01T09:37:29.294Z - Closed a connection. Number of open connections: 0
[NX Daemon Server] - 2024-12-01T09:37:30.996Z - Established a connection. Number of open connections: 1
[NX Daemon Server] - 2024-12-01T09:37:30.996Z - Closed a connection. Number of open connections: 0
[NX Daemon Server] - 2024-12-01T09:37:30.997Z - Established a connection. Number of open connections: 1
[NX Daemon Server] - 2024-12-01T09:37:30.998Z - [REQUEST]: Client Request for Project Graph Received
[NX Daemon Server] - 2024-12-01T09:37:30.998Z - [REQUEST]: Responding to the client. project-graph
[NX Daemon Server] - 2024-12-01T09:37:30.998Z - Time taken for 'total for creating and serializing project graph' 0.27599999999983993ms
[NX Daemon Server] - 2024-12-01T09:37:31.000Z - Done responding to the client project-graph
[NX Daemon Server] - 2024-12-01T09:37:31.000Z - Handled REQUEST_PROJECT_GRAPH. Handling time: 0. Response time: 2.
[NX Daemon Server] - 2024-12-01T09:37:35.619Z - [REQUEST]: Client Request for Project Graph Received
[NX Daemon Server] - 2024-12-01T09:37:35.619Z - [REQUEST]: Responding to the client. project-graph
[NX Daemon Server] - 2024-12-01T09:37:35.620Z - Time taken for 'total for creating and serializing project graph' 0.33341699999982666ms
[NX Daemon Server] - 2024-12-01T09:37:35.623Z - Done responding to the client project-graph
[NX Daemon Server] - 2024-12-01T09:37:35.623Z - Handled REQUEST_PROJECT_GRAPH. Handling time: 0. Response time: 4.
[NX Daemon Server] - 2024-12-01T09:37:35.625Z - [REQUEST]: Responding to the client. handleGlob
[NX Daemon Server] - 2024-12-01T09:37:35.626Z - Done responding to the client handleGlob
[NX Daemon Server] - 2024-12-01T09:37:35.626Z - Handled GLOB. Handling time: 0. Response time: 1.
[NX Daemon Server] - 2024-12-01T09:37:35.629Z - [REQUEST]: Responding to the client. handleGlob
[NX Daemon Server] - 2024-12-01T09:37:35.629Z - Done responding to the client handleGlob
[NX Daemon Server] - 2024-12-01T09:37:35.629Z - Handled GLOB. Handling time: 0. Response time: 0.
[NX Daemon Server] - 2024-12-01T09:37:35.822Z - [REQUEST]: Client Request for Project Graph Received
[NX Daemon Server] - 2024-12-01T09:37:35.822Z - [REQUEST]: Responding to the client. project-graph
[NX Daemon Server] - 2024-12-01T09:37:35.822Z - Time taken for 'total for creating and serializing project graph' 0.3329589999993914ms
[NX Daemon Server] - 2024-12-01T09:37:35.823Z - Done responding to the client project-graph
[NX Daemon Server] - 2024-12-01T09:37:35.823Z - Handled REQUEST_PROJECT_GRAPH. Handling time: 1. Response time: 1.
[NX Daemon Server] - 2024-12-01T09:37:36.520Z - [WATCHER]: Processing file changes in outputs
[NX Daemon Server] - 2024-12-01T09:37:36.522Z - [WATCHER]: 13 file(s) created or restored, 4 file(s) modified, 0 file(s) deleted
[NX Daemon Server] - 2024-12-01T09:37:36.522Z - Closed a connection. Number of open connections: 0
[NX Daemon Server] - 2024-12-01T09:37:36.522Z - [WATCHER]: Stopping the watcher for /Users/bytedance/noe/knoxnoe/template (sources)
[NX Daemon Server] - 2024-12-01T09:37:36.522Z - [WATCHER]: Stopping the watcher for /Users/bytedance/noe/knoxnoe/template (outputs)
[NX Daemon Server] - 2024-12-01T09:37:36.523Z - Server stopped because: "Stopping the daemon the set of ignored files changed (native)"
